<?xml version="1.0" encoding="UTF-8"?>
<!-- Generated by org.testng.reporters.JUnitXMLReporter -->
<testsuite ignored="0" hostname="FFE-Bandi-Prudhvi-Narayana" failures="1" tests="1" name="Test-Runner-2" time="156.641" errors="0" timestamp="2025-08-21T12:44:44 IST">
  <testcase classname="practice.AdvanceSelenium.CreateCampainTest" name="tc_001_creatCampainTest" time="1.99">
    <failure type="java.lang.AssertionError">
      <![CDATA[java.lang.AssertionError
at org.junit.Assert.fail(Assert.java:92)
at org.junit.Assert.fail(Assert.java:100)
at practice.AdvanceSelenium.CreateCampainTest.tc_001_creatCampainTest(CreateCampainTest.java:27)
at java.base/java.util.ArrayList.forEach(ArrayList.java:1596)
at java.base/java.util.concurrent.FutureTask.run(FutureTask.java:317)
at java.base/java.util.concurrent.ThreadPoolExecutor.runWorker(ThreadPoolExecutor.java:1144)
at java.base/java.util.concurrent.ThreadPoolExecutor$Worker.run(ThreadPoolExecutor.java:642)
at java.base/java.lang.Thread.run(Thread.java:1583)
... Removed 15 stack frames]]>
    </failure>
  </testcase> <!-- tc_001_creatCampainTest -->
</testsuite> <!-- Test-Runner-2 -->
