<?xml version="1.0" encoding="UTF-8"?>
<testng-results ignored="0" total="1" passed="1" failed="0" skipped="0">
  <reporter-output>
  </reporter-output>
  <suite started-at="2025-08-22T12:53:43 IST" name="Default suite" finished-at="2025-08-22T12:53:43 IST" duration-ms="127">
    <groups>
    </groups>
    <test started-at="2025-08-22T12:53:43 IST" name="Default test" finished-at="2025-08-22T12:53:43 IST" duration-ms="127">
      <class name="practice.AdvanceSelenium.ReadDatafromCmdLine">
        <test-method signature="readData()[pri:0, instance:practice.AdvanceSelenium.ReadDatafromCmdLine@6a6cb05c]" started-at="2025-08-22T12:53:43 IST" name="readData" finished-at="2025-08-22T12:53:43 IST" duration-ms="25" status="PASS">
          <reporter-output>
          </reporter-output>
        </test-method> <!-- readData -->
      </class> <!-- practice.AdvanceSelenium.ReadDatafromCmdLine -->
    </test> <!-- Default test -->
  </suite> <!-- Default suite -->
</testng-results>
