<?xml version="1.0" encoding="UTF-8"?>
<!-- Generated by org.testng.reporters.JUnitReportReporter -->
<testsuite hostname="FFE-Bandi-Prudhvi-Narayana" failures="0" tests="4" name="practice.AdvanceSelenium.TestNGPractice" time="0.037" errors="0" timestamp="2025-08-18T11:34:41 IST" skipped="0">
  <testcase classname="practice.AdvanceSelenium.TestNGPractice" name="create" time="0.022"/>
  <testcase classname="practice.AdvanceSelenium.TestNGPractice" name="create" time="0.006"/>
  <testcase classname="practice.AdvanceSelenium.TestNGPractice" name="create" time="0.005"/>
  <testcase classname="practice.AdvanceSelenium.TestNGPractice" name="create" time="0.004"/>
</testsuite> <!-- practice.AdvanceSelenium.TestNGPractice -->
